รท
I, [2014-08-28T22:31:33.316012 #21301]  INFO -- : Started GET "/" for 114.111.138.127 at 2014-08-28 22:31:33 +1000
F, [2014-08-28T22:31:33.324568 #21301] FATAL -- : 
PG::ConnectionBad (FATAL:  Peer authentication failed for user "subsright"
):
  vendor/bundle/ruby/2.1.0/gems/activerecord-4.2.0.beta1/lib/active_record/connection_adapters/postgresql_adapter.rb:634:in `initialize'
  vendor/bundle/ruby/2.1.0/gems/activerecord-4.2.0.beta1/lib/active_record/connection_adapters/postgresql_adapter.rb:634:in `new'
  vendor/bundle/ruby/2.1.0/gems/activerecord-4.2.0.beta1/lib/active_record/connection_adapters/postgresql_adapter.rb:634:in `connect'
  vendor/bundle/ruby/2.1.0/gems/activerecord-4.2.0.beta1/lib/active_record/connection_adapters/postgresql_adapter.rb:240:in `initialize'
  vendor/bundle/ruby/2.1.0/gems/activerecord-4.2.0.beta1/lib/active_record/connection_adapters/postgresql_adapter.rb:44:in `new'
  vendor/bundle/ruby/2.1.0/gems/activerecord-4.2.0.beta1/lib/active_record/connection_adapters/postgresql_adapter.rb:44:in `postgresql_connection'
  vendor/bundle/ruby/2.1.0/gems/activerecord-4.2.0.beta1/lib/active_record/connection_adapters/abstract/connection_pool.rb:435:in `new_connection'
  vendor/bundle/ruby/2.1.0/gems/activerecord-4.2.0.beta1/lib/active_record/connection_adapters/abstract/connection_pool.rb:445:in `checkout_new_connection'
  vendor/bundle/ruby/2.1.0/gems/activerecord-4.2.0.beta1/lib/active_record/connection_adapters/abstract/connection_pool.rb:421:in `acquire_connection'
  vendor/bundle/ruby/2.1.0/gems/activerecord-4.2.0.beta1/lib/active_record/connection_adapters/abstract/connection_pool.rb:348:in `block in checkout'
  /usr/local/rvm/rubies/ruby-2.1.2/lib/ruby/2.1.0/monitor.rb:211:in `mon_synchronize'
  vendor/bundle/ruby/2.1.0/gems/activerecord-4.2.0.beta1/lib/active_record/connection_adapters/abstract/connection_pool.rb:347:in `checkout'
  vendor/bundle/ruby/2.1.0/gems/activerecord-4.2.0.beta1/lib/active_record/connection_adapters/abstract/connection_pool.rb:262:in `block in connection'
  /usr/local/rvm/rubies/ruby-2.1.2/lib/ruby/2.1.0/monitor.rb:211:in `mon_synchronize'
  vendor/bundle/ruby/2.1.0/gems/activerecord-4.2.0.beta1/lib/active_record/connection_adapters/abstract/connection_pool.rb:261:in `connection'
  vendor/bundle/ruby/2.1.0/gems/activerecord-4.2.0.beta1/lib/active_record/connection_adapters/abstract/connection_pool.rb:563:in `retrieve_connection'
  vendor/bundle/ruby/2.1.0/gems/activerecord-4.2.0.beta1/lib/active_record/connection_handling.rb:113:in `retrieve_connection'
  vendor/bundle/ruby/2.1.0/gems/activerecord-4.2.0.beta1/lib/active_record/connection_handling.rb:87:in `connection'
  vendor/bundle/ruby/2.1.0/gems/activerecord-4.2.0.beta1/lib/active_record/query_cache.rb:51:in `restore_query_cache_settings'
  vendor/bundle/ruby/2.1.0/gems/activerecord-4.2.0.beta1/lib/active_record/query_cache.rb:43:in `rescue in call'
  vendor/bundle/ruby/2.1.0/gems/activerecord-4.2.0.beta1/lib/active_record/query_cache.rb:31:in `call'
  vendor/bundle/ruby/2.1.0/gems/activerecord-4.2.0.beta1/lib/active_record/connection_adapters/abstract/connection_pool.rb:645:in `call'
  vendor/bundle/ruby/2.1.0/gems/actionpack-4.2.0.beta1/lib/action_dispatch/middleware/callbacks.rb:29:in `block in call'
  vendor/bundle/ruby/2.1.0/gems/activesupport-4.2.0.beta1/lib/active_support/callbacks.rb:83:in `run_callbacks'
  vendor/bundle/ruby/2.1.0/gems/actionpack-4.2.0.beta1/lib/action_dispatch/middleware/callbacks.rb:27:in `call'
  vendor/bundle/ruby/2.1.0/gems/actionpack-4.2.0.beta1/lib/action_dispatch/middleware/remote_ip.rb:76:in `call'
  vendor/bundle/ruby/2.1.0/gems/actionpack-4.2.0.beta1/lib/action_dispatch/middleware/debug_exceptions.rb:17:in `call'
  vendor/bundle/ruby/2.1.0/gems/actionpack-4.2.0.beta1/lib/action_dispatch/middleware/show_exceptions.rb:30:in `call'
  vendor/bundle/ruby/2.1.0/gems/railties-4.2.0.beta1/lib/rails/rack/logger.rb:38:in `call_app'
  vendor/bundle/ruby/2.1.0/gems/railties-4.2.0.beta1/lib/rails/rack/logger.rb:20:in `block in call'
  vendor/bundle/ruby/2.1.0/gems/activesupport-4.2.0.beta1/lib/active_support/tagged_logging.rb:68:in `block in tagged'
  vendor/bundle/ruby/2.1.0/gems/activesupport-4.2.0.beta1/lib/active_support/tagged_logging.rb:26:in `tagged'
  vendor/bundle/ruby/2.1.0/gems/activesupport-4.2.0.beta1/lib/active_support/tagged_logging.rb:68:in `tagged'
  vendor/bundle/ruby/2.1.0/gems/railties-4.2.0.beta1/lib/rails/rack/logger.rb:20:in `call'
  vendor/bundle/ruby/2.1.0/gems/actionpack-4.2.0.beta1/lib/action_dispatch/middleware/request_id.rb:21:in `call'
  vendor/bundle/ruby/2.1.0/gems/rack-1.6.0.beta/lib/rack/methodoverride.rb:22:in `call'
  vendor/bundle/ruby/2.1.0/gems/rack-1.6.0.beta/lib/rack/runtime.rb:17:in `call'
  vendor/bundle/ruby/2.1.0/gems/activesupport-4.2.0.beta1/lib/active_support/cache/strategy/local_cache_middleware.rb:28:in `call'
  vendor/bundle/ruby/2.1.0/gems/rack-1.6.0.beta/lib/rack/sendfile.rb:113:in `call'
  vendor/bundle/ruby/2.1.0/gems/railties-4.2.0.beta1/lib/rails/engine.rb:514:in `call'
  vendor/bundle/ruby/2.1.0/gems/railties-4.2.0.beta1/lib/rails/application.rb:161:in `call'
  vendor/bundle/ruby/2.1.0/gems/passenger-4.0.50/lib/phusion_passenger/rack/thread_handler_extension.rb:74:in `process_request'
  vendor/bundle/ruby/2.1.0/gems/passenger-4.0.50/lib/phusion_passenger/request_handler/thread_handler.rb:141:in `accept_and_process_next_request'
  vendor/bundle/ruby/2.1.0/gems/passenger-4.0.50/lib/phusion_passenger/request_handler/thread_handler.rb:109:in `main_loop'
  vendor/bundle/ruby/2.1.0/gems/passenger-4.0.50/lib/phusion_passenger/request_handler.rb:455:in `block (3 levels) in start_threads'


I, [2014-08-28T22:32:23.133237 #21301]  INFO -- : Started GET "/" for 114.111.138.127 at 2014-08-28 22:32:23 +1000
F, [2014-08-28T22:32:23.141909 #21301] FATAL -- : 
PG::ConnectionBad (FATAL:  Peer authentication failed for user "subsright"
):
  vendor/bundle/ruby/2.1.0/gems/activerecord-4.2.0.beta1/lib/active_record/connection_adapters/postgresql_adapter.rb:634:in `initialize'
  vendor/bundle/ruby/2.1.0/gems/activerecord-4.2.0.beta1/lib/active_record/connection_adapters/postgresql_adapter.rb:634:in `new'
  vendor/bundle/ruby/2.1.0/gems/activerecord-4.2.0.beta1/lib/active_record/connection_adapters/postgresql_adapter.rb:634:in `connect'
  vendor/bundle/ruby/2.1.0/gems/activerecord-4.2.0.beta1/lib/active_record/connection_adapters/postgresql_adapter.rb:240:in `initialize'
  vendor/bundle/ruby/2.1.0/gems/activerecord-4.2.0.beta1/lib/active_record/connection_adapters/postgresql_adapter.rb:44:in `new'
  vendor/bundle/ruby/2.1.0/gems/activerecord-4.2.0.beta1/lib/active_record/connection_adapters/postgresql_adapter.rb:44:in `postgresql_connection'
  vendor/bundle/ruby/2.1.0/gems/activerecord-4.2.0.beta1/lib/active_record/connection_adapters/abstract/connection_pool.rb:435:in `new_connection'
  vendor/bundle/ruby/2.1.0/gems/activerecord-4.2.0.beta1/lib/active_record/connection_adapters/abstract/connection_pool.rb:445:in `checkout_new_connection'
  vendor/bundle/ruby/2.1.0/gems/activerecord-4.2.0.beta1/lib/active_record/connection_adapters/abstract/connection_pool.rb:421:in `acquire_connection'
  vendor/bundle/ruby/2.1.0/gems/activerecord-4.2.0.beta1/lib/active_record/connection_adapters/abstract/connection_pool.rb:348:in `block in checkout'
  /usr/local/rvm/rubies/ruby-2.1.2/lib/ruby/2.1.0/monitor.rb:211:in `mon_synchronize'
  vendor/bundle/ruby/2.1.0/gems/activerecord-4.2.0.beta1/lib/active_record/connection_adapters/abstract/connection_pool.rb:347:in `checkout'
  vendor/bundle/ruby/2.1.0/gems/activerecord-4.2.0.beta1/lib/active_record/connection_adapters/abstract/connection_pool.rb:262:in `block in connection'
  /usr/local/rvm/rubies/ruby-2.1.2/lib/ruby/2.1.0/monitor.rb:211:in `mon_synchronize'
  vendor/bundle/ruby/2.1.0/gems/activerecord-4.2.0.beta1/lib/active_record/connection_adapters/abstract/connection_pool.rb:261:in `connection'
  vendor/bundle/ruby/2.1.0/gems/activerecord-4.2.0.beta1/lib/active_record/connection_adapters/abstract/connection_pool.rb:563:in `retrieve_connection'
  vendor/bundle/ruby/2.1.0/gems/activerecord-4.2.0.beta1/lib/active_record/connection_handling.rb:113:in `retrieve_connection'
  vendor/bundle/ruby/2.1.0/gems/activerecord-4.2.0.beta1/lib/active_record/connection_handling.rb:87:in `connection'
  vendor/bundle/ruby/2.1.0/gems/activerecord-4.2.0.beta1/lib/active_record/query_cache.rb:51:in `restore_query_cache_settings'
  vendor/bundle/ruby/2.1.0/gems/activerecord-4.2.0.beta1/lib/active_record/query_cache.rb:43:in `rescue in call'
  vendor/bundle/ruby/2.1.0/gems/activerecord-4.2.0.beta1/lib/active_record/query_cache.rb:31:in `call'
  vendor/bundle/ruby/2.1.0/gems/activerecord-4.2.0.beta1/lib/active_record/connection_adapters/abstract/connection_pool.rb:645:in `call'
  vendor/bundle/ruby/2.1.0/gems/actionpack-4.2.0.beta1/lib/action_dispatch/middleware/callbacks.rb:29:in `block in call'
  vendor/bundle/ruby/2.1.0/gems/activesupport-4.2.0.beta1/lib/active_support/callbacks.rb:83:in `run_callbacks'
  vendor/bundle/ruby/2.1.0/gems/actionpack-4.2.0.beta1/lib/action_dispatch/middleware/callbacks.rb:27:in `call'
  vendor/bundle/ruby/2.1.0/gems/actionpack-4.2.0.beta1/lib/action_dispatch/middleware/remote_ip.rb:76:in `call'
  vendor/bundle/ruby/2.1.0/gems/actionpack-4.2.0.beta1/lib/action_dispatch/middleware/debug_exceptions.rb:17:in `call'
  vendor/bundle/ruby/2.1.0/gems/actionpack-4.2.0.beta1/lib/action_dispatch/middleware/show_exceptions.rb:30:in `call'
  vendor/bundle/ruby/2.1.0/gems/railties-4.2.0.beta1/lib/rails/rack/logger.rb:38:in `call_app'
  vendor/bundle/ruby/2.1.0/gems/railties-4.2.0.beta1/lib/rails/rack/logger.rb:20:in `block in call'
  vendor/bundle/ruby/2.1.0/gems/activesupport-4.2.0.beta1/lib/active_support/tagged_logging.rb:68:in `block in tagged'
  vendor/bundle/ruby/2.1.0/gems/activesupport-4.2.0.beta1/lib/active_support/tagged_logging.rb:26:in `tagged'
  vendor/bundle/ruby/2.1.0/gems/activesupport-4.2.0.beta1/lib/active_support/tagged_logging.rb:68:in `tagged'
  vendor/bundle/ruby/2.1.0/gems/railties-4.2.0.beta1/lib/rails/rack/logger.rb:20:in `call'
  vendor/bundle/ruby/2.1.0/gems/actionpack-4.2.0.beta1/lib/action_dispatch/middleware/request_id.rb:21:in `call'
  vendor/bundle/ruby/2.1.0/gems/rack-1.6.0.beta/lib/rack/methodoverride.rb:22:in `call'
  vendor/bundle/ruby/2.1.0/gems/rack-1.6.0.beta/lib/rack/runtime.rb:17:in `call'
  vendor/bundle/ruby/2.1.0/gems/activesupport-4.2.0.beta1/lib/active_support/cache/strategy/local_cache_middleware.rb:28:in `call'
  vendor/bundle/ruby/2.1.0/gems/rack-1.6.0.beta/lib/rack/sendfile.rb:113:in `call'
  vendor/bundle/ruby/2.1.0/gems/railties-4.2.0.beta1/lib/rails/engine.rb:514:in `call'
  vendor/bundle/ruby/2.1.0/gems/railties-4.2.0.beta1/lib/rails/application.rb:161:in `call'
  vendor/bundle/ruby/2.1.0/gems/passenger-4.0.50/lib/phusion_passenger/rack/thread_handler_extension.rb:74:in `process_request'
  vendor/bundle/ruby/2.1.0/gems/passenger-4.0.50/lib/phusion_passenger/request_handler/thread_handler.rb:141:in `accept_and_process_next_request'
  vendor/bundle/ruby/2.1.0/gems/passenger-4.0.50/lib/phusion_passenger/request_handler/thread_handler.rb:109:in `main_loop'
  vendor/bundle/ruby/2.1.0/gems/passenger-4.0.50/lib/phusion_passenger/request_handler.rb:455:in `block (3 levels) in start_threads'


I, [2014-08-28T22:32:24.822673 #21301]  INFO -- : Started GET "/" for 114.111.138.127 at 2014-08-28 22:32:24 +1000
F, [2014-08-28T22:32:24.831175 #21301] FATAL -- : 
PG::ConnectionBad (FATAL:  Peer authentication failed for user "subsright"
):
  vendor/bundle/ruby/2.1.0/gems/activerecord-4.2.0.beta1/lib/active_record/connection_adapters/postgresql_adapter.rb:634:in `initialize'
  vendor/bundle/ruby/2.1.0/gems/activerecord-4.2.0.beta1/lib/active_record/connection_adapters/postgresql_adapter.rb:634:in `new'
  vendor/bundle/ruby/2.1.0/gems/activerecord-4.2.0.beta1/lib/active_record/connection_adapters/postgresql_adapter.rb:634:in `connect'
  vendor/bundle/ruby/2.1.0/gems/activerecord-4.2.0.beta1/lib/active_record/connection_adapters/postgresql_adapter.rb:240:in `initialize'
  vendor/bundle/ruby/2.1.0/gems/activerecord-4.2.0.beta1/lib/active_record/connection_adapters/postgresql_adapter.rb:44:in `new'
  vendor/bundle/ruby/2.1.0/gems/activerecord-4.2.0.beta1/lib/active_record/connection_adapters/postgresql_adapter.rb:44:in `postgresql_connection'
  vendor/bundle/ruby/2.1.0/gems/activerecord-4.2.0.beta1/lib/active_record/connection_adapters/abstract/connection_pool.rb:435:in `new_connection'
  vendor/bundle/ruby/2.1.0/gems/activerecord-4.2.0.beta1/lib/active_record/connection_adapters/abstract/connection_pool.rb:445:in `checkout_new_connection'
  vendor/bundle/ruby/2.1.0/gems/activerecord-4.2.0.beta1/lib/active_record/connection_adapters/abstract/connection_pool.rb:421:in `acquire_connection'
  vendor/bundle/ruby/2.1.0/gems/activerecord-4.2.0.beta1/lib/active_record/connection_adapters/abstract/connection_pool.rb:348:in `block in checkout'
  /usr/local/rvm/rubies/ruby-2.1.2/lib/ruby/2.1.0/monitor.rb:211:in `mon_synchronize'
  vendor/bundle/ruby/2.1.0/gems/activerecord-4.2.0.beta1/lib/active_record/connection_adapters/abstract/connection_pool.rb:347:in `checkout'
  vendor/bundle/ruby/2.1.0/gems/activerecord-4.2.0.beta1/lib/active_record/connection_adapters/abstract/connection_pool.rb:262:in `block in connection'
  /usr/local/rvm/rubies/ruby-2.1.2/lib/ruby/2.1.0/monitor.rb:211:in `mon_synchronize'
  vendor/bundle/ruby/2.1.0/gems/activerecord-4.2.0.beta1/lib/active_record/connection_adapters/abstract/connection_pool.rb:261:in `connection'
  vendor/bundle/ruby/2.1.0/gems/activerecord-4.2.0.beta1/lib/active_record/connection_adapters/abstract/connection_pool.rb:563:in `retrieve_connection'
  vendor/bundle/ruby/2.1.0/gems/activerecord-4.2.0.beta1/lib/active_record/connection_handling.rb:113:in `retrieve_connection'
  vendor/bundle/ruby/2.1.0/gems/activerecord-4.2.0.beta1/lib/active_record/connection_handling.rb:87:in `connection'
  vendor/bundle/ruby/2.1.0/gems/activerecord-4.2.0.beta1/lib/active_record/query_cache.rb:51:in `restore_query_cache_settings'
  vendor/bundle/ruby/2.1.0/gems/activerecord-4.2.0.beta1/lib/active_record/query_cache.rb:43:in `rescue in call'
  vendor/bundle/ruby/2.1.0/gems/activerecord-4.2.0.beta1/lib/active_record/query_cache.rb:31:in `call'
  vendor/bundle/ruby/2.1.0/gems/activerecord-4.2.0.beta1/lib/active_record/connection_adapters/abstract/connection_pool.rb:645:in `call'
  vendor/bundle/ruby/2.1.0/gems/actionpack-4.2.0.beta1/lib/action_dispatch/middleware/callbacks.rb:29:in `block in call'
  vendor/bundle/ruby/2.1.0/gems/activesupport-4.2.0.beta1/lib/active_support/callbacks.rb:83:in `run_callbacks'
  vendor/bundle/ruby/2.1.0/gems/actionpack-4.2.0.beta1/lib/action_dispatch/middleware/callbacks.rb:27:in `call'
  vendor/bundle/ruby/2.1.0/gems/actionpack-4.2.0.beta1/lib/action_dispatch/middleware/remote_ip.rb:76:in `call'
  vendor/bundle/ruby/2.1.0/gems/actionpack-4.2.0.beta1/lib/action_dispatch/middleware/debug_exceptions.rb:17:in `call'
  vendor/bundle/ruby/2.1.0/gems/actionpack-4.2.0.beta1/lib/action_dispatch/middleware/show_exceptions.rb:30:in `call'
  vendor/bundle/ruby/2.1.0/gems/railties-4.2.0.beta1/lib/rails/rack/logger.rb:38:in `call_app'
  vendor/bundle/ruby/2.1.0/gems/railties-4.2.0.beta1/lib/rails/rack/logger.rb:20:in `block in call'
  vendor/bundle/ruby/2.1.0/gems/activesupport-4.2.0.beta1/lib/active_support/tagged_logging.rb:68:in `block in tagged'
  vendor/bundle/ruby/2.1.0/gems/activesupport-4.2.0.beta1/lib/active_support/tagged_logging.rb:26:in `tagged'
  vendor/bundle/ruby/2.1.0/gems/activesupport-4.2.0.beta1/lib/active_support/tagged_logging.rb:68:in `tagged'
  vendor/bundle/ruby/2.1.0/gems/railties-4.2.0.beta1/lib/rails/rack/logger.rb:20:in `call'
  vendor/bundle/ruby/2.1.0/gems/actionpack-4.2.0.beta1/lib/action_dispatch/middleware/request_id.rb:21:in `call'
  vendor/bundle/ruby/2.1.0/gems/rack-1.6.0.beta/lib/rack/methodoverride.rb:22:in `call'
  vendor/bundle/ruby/2.1.0/gems/rack-1.6.0.beta/lib/rack/runtime.rb:17:in `call'
  vendor/bundle/ruby/2.1.0/gems/activesupport-4.2.0.beta1/lib/active_support/cache/strategy/local_cache_middleware.rb:28:in `call'
  vendor/bundle/ruby/2.1.0/gems/rack-1.6.0.beta/lib/rack/sendfile.rb:113:in `call'
  vendor/bundle/ruby/2.1.0/gems/railties-4.2.0.beta1/lib/rails/engine.rb:514:in `call'
  vendor/bundle/ruby/2.1.0/gems/railties-4.2.0.beta1/lib/rails/application.rb:161:in `call'
  vendor/bundle/ruby/2.1.0/gems/passenger-4.0.50/lib/phusion_passenger/rack/thread_handler_extension.rb:74:in `process_request'
  vendor/bundle/ruby/2.1.0/gems/passenger-4.0.50/lib/phusion_passenger/request_handler/thread_handler.rb:141:in `accept_and_process_next_request'
  vendor/bundle/ruby/2.1.0/gems/passenger-4.0.50/lib/phusion_passenger/request_handler/thread_handler.rb:109:in `main_loop'
  vendor/bundle/ruby/2.1.0/gems/passenger-4.0.50/lib/phusion_passenger/request_handler.rb:455:in `block (3 levels) in start_threads'


I, [2014-08-28T22:33:46.270041 #30574]  INFO -- : Started GET "/" for 114.111.138.127 at 2014-08-28 22:33:46 +1000
F, [2014-08-28T22:33:46.297162 #30574] FATAL -- : 
ActionController::RoutingError (No route matches [GET] "/"):
  vendor/bundle/ruby/2.1.0/gems/actionpack-4.2.0.beta1/lib/action_dispatch/middleware/debug_exceptions.rb:21:in `call'
  vendor/bundle/ruby/2.1.0/gems/actionpack-4.2.0.beta1/lib/action_dispatch/middleware/show_exceptions.rb:30:in `call'
  vendor/bundle/ruby/2.1.0/gems/railties-4.2.0.beta1/lib/rails/rack/logger.rb:38:in `call_app'
  vendor/bundle/ruby/2.1.0/gems/railties-4.2.0.beta1/lib/rails/rack/logger.rb:20:in `block in call'
  vendor/bundle/ruby/2.1.0/gems/activesupport-4.2.0.beta1/lib/active_support/tagged_logging.rb:68:in `block in tagged'
  vendor/bundle/ruby/2.1.0/gems/activesupport-4.2.0.beta1/lib/active_support/tagged_logging.rb:26:in `tagged'
  vendor/bundle/ruby/2.1.0/gems/activesupport-4.2.0.beta1/lib/active_support/tagged_logging.rb:68:in `tagged'
  vendor/bundle/ruby/2.1.0/gems/railties-4.2.0.beta1/lib/rails/rack/logger.rb:20:in `call'
  vendor/bundle/ruby/2.1.0/gems/actionpack-4.2.0.beta1/lib/action_dispatch/middleware/request_id.rb:21:in `call'
  vendor/bundle/ruby/2.1.0/gems/rack-1.6.0.beta/lib/rack/methodoverride.rb:22:in `call'
  vendor/bundle/ruby/2.1.0/gems/rack-1.6.0.beta/lib/rack/runtime.rb:17:in `call'
  vendor/bundle/ruby/2.1.0/gems/activesupport-4.2.0.beta1/lib/active_support/cache/strategy/local_cache_middleware.rb:28:in `call'
  vendor/bundle/ruby/2.1.0/gems/rack-1.6.0.beta/lib/rack/sendfile.rb:113:in `call'
  vendor/bundle/ruby/2.1.0/gems/railties-4.2.0.beta1/lib/rails/engine.rb:514:in `call'
  vendor/bundle/ruby/2.1.0/gems/railties-4.2.0.beta1/lib/rails/application.rb:161:in `call'
  vendor/bundle/ruby/2.1.0/gems/passenger-4.0.50/lib/phusion_passenger/rack/thread_handler_extension.rb:74:in `process_request'
  vendor/bundle/ruby/2.1.0/gems/passenger-4.0.50/lib/phusion_passenger/request_handler/thread_handler.rb:141:in `accept_and_process_next_request'
  vendor/bundle/ruby/2.1.0/gems/passenger-4.0.50/lib/phusion_passenger/request_handler/thread_handler.rb:109:in `main_loop'
  vendor/bundle/ruby/2.1.0/gems/passenger-4.0.50/lib/phusion_passenger/request_handler.rb:455:in `block (3 levels) in start_threads'


I, [2014-08-28T22:37:10.324776 #30574]  INFO -- : Started GET "/" for 114.111.138.127 at 2014-08-28 22:37:10 +1000
F, [2014-08-28T22:37:10.326412 #30574] FATAL -- : 
ActionController::RoutingError (No route matches [GET] "/"):
  vendor/bundle/ruby/2.1.0/gems/actionpack-4.2.0.beta1/lib/action_dispatch/middleware/debug_exceptions.rb:21:in `call'
  vendor/bundle/ruby/2.1.0/gems/actionpack-4.2.0.beta1/lib/action_dispatch/middleware/show_exceptions.rb:30:in `call'
  vendor/bundle/ruby/2.1.0/gems/railties-4.2.0.beta1/lib/rails/rack/logger.rb:38:in `call_app'
  vendor/bundle/ruby/2.1.0/gems/railties-4.2.0.beta1/lib/rails/rack/logger.rb:20:in `block in call'
  vendor/bundle/ruby/2.1.0/gems/activesupport-4.2.0.beta1/lib/active_support/tagged_logging.rb:68:in `block in tagged'
  vendor/bundle/ruby/2.1.0/gems/activesupport-4.2.0.beta1/lib/active_support/tagged_logging.rb:26:in `tagged'
  vendor/bundle/ruby/2.1.0/gems/activesupport-4.2.0.beta1/lib/active_support/tagged_logging.rb:68:in `tagged'
  vendor/bundle/ruby/2.1.0/gems/railties-4.2.0.beta1/lib/rails/rack/logger.rb:20:in `call'
  vendor/bundle/ruby/2.1.0/gems/actionpack-4.2.0.beta1/lib/action_dispatch/middleware/request_id.rb:21:in `call'
  vendor/bundle/ruby/2.1.0/gems/rack-1.6.0.beta/lib/rack/methodoverride.rb:22:in `call'
  vendor/bundle/ruby/2.1.0/gems/rack-1.6.0.beta/lib/rack/runtime.rb:17:in `call'
  vendor/bundle/ruby/2.1.0/gems/activesupport-4.2.0.beta1/lib/active_support/cache/strategy/local_cache_middleware.rb:28:in `call'
  vendor/bundle/ruby/2.1.0/gems/rack-1.6.0.beta/lib/rack/sendfile.rb:113:in `call'
  vendor/bundle/ruby/2.1.0/gems/railties-4.2.0.beta1/lib/rails/engine.rb:514:in `call'
  vendor/bundle/ruby/2.1.0/gems/railties-4.2.0.beta1/lib/rails/application.rb:161:in `call'
  vendor/bundle/ruby/2.1.0/gems/passenger-4.0.50/lib/phusion_passenger/rack/thread_handler_extension.rb:74:in `process_request'
  vendor/bundle/ruby/2.1.0/gems/passenger-4.0.50/lib/phusion_passenger/request_handler/thread_handler.rb:141:in `accept_and_process_next_request'
  vendor/bundle/ruby/2.1.0/gems/passenger-4.0.50/lib/phusion_passenger/request_handler/thread_handler.rb:109:in `main_loop'
  vendor/bundle/ruby/2.1.0/gems/passenger-4.0.50/lib/phusion_passenger/request_handler.rb:455:in `block (3 levels) in start_threads'


D, [2014-08-28T22:42:35.356700 #31693] DEBUG -- :   [1m[36m (89.6ms)[0m  [1mCREATE TABLE "schema_migrations" ("version" character varying NOT NULL) [0m
D, [2014-08-28T22:42:35.406688 #31693] DEBUG -- :   [1m[35m (40.3ms)[0m  CREATE UNIQUE INDEX  "unique_schema_migrations" ON "schema_migrations"  ("version")
I, [2014-08-28T22:43:57.703991 #30574]  INFO -- : Started GET "/" for 114.111.138.127 at 2014-08-28 22:43:57 +1000
F, [2014-08-28T22:43:57.705412 #30574] FATAL -- : 
ActionController::RoutingError (No route matches [GET] "/"):
  vendor/bundle/ruby/2.1.0/gems/actionpack-4.2.0.beta1/lib/action_dispatch/middleware/debug_exceptions.rb:21:in `call'
  vendor/bundle/ruby/2.1.0/gems/actionpack-4.2.0.beta1/lib/action_dispatch/middleware/show_exceptions.rb:30:in `call'
  vendor/bundle/ruby/2.1.0/gems/railties-4.2.0.beta1/lib/rails/rack/logger.rb:38:in `call_app'
  vendor/bundle/ruby/2.1.0/gems/railties-4.2.0.beta1/lib/rails/rack/logger.rb:20:in `block in call'
  vendor/bundle/ruby/2.1.0/gems/activesupport-4.2.0.beta1/lib/active_support/tagged_logging.rb:68:in `block in tagged'
  vendor/bundle/ruby/2.1.0/gems/activesupport-4.2.0.beta1/lib/active_support/tagged_logging.rb:26:in `tagged'
  vendor/bundle/ruby/2.1.0/gems/activesupport-4.2.0.beta1/lib/active_support/tagged_logging.rb:68:in `tagged'
  vendor/bundle/ruby/2.1.0/gems/railties-4.2.0.beta1/lib/rails/rack/logger.rb:20:in `call'
  vendor/bundle/ruby/2.1.0/gems/actionpack-4.2.0.beta1/lib/action_dispatch/middleware/request_id.rb:21:in `call'
  vendor/bundle/ruby/2.1.0/gems/rack-1.6.0.beta/lib/rack/methodoverride.rb:22:in `call'
  vendor/bundle/ruby/2.1.0/gems/rack-1.6.0.beta/lib/rack/runtime.rb:17:in `call'
  vendor/bundle/ruby/2.1.0/gems/activesupport-4.2.0.beta1/lib/active_support/cache/strategy/local_cache_middleware.rb:28:in `call'
  vendor/bundle/ruby/2.1.0/gems/rack-1.6.0.beta/lib/rack/sendfile.rb:113:in `call'
  vendor/bundle/ruby/2.1.0/gems/railties-4.2.0.beta1/lib/rails/engine.rb:514:in `call'
  vendor/bundle/ruby/2.1.0/gems/railties-4.2.0.beta1/lib/rails/application.rb:161:in `call'
  vendor/bundle/ruby/2.1.0/gems/passenger-4.0.50/lib/phusion_passenger/rack/thread_handler_extension.rb:74:in `process_request'
  vendor/bundle/ruby/2.1.0/gems/passenger-4.0.50/lib/phusion_passenger/request_handler/thread_handler.rb:141:in `accept_and_process_next_request'
  vendor/bundle/ruby/2.1.0/gems/passenger-4.0.50/lib/phusion_passenger/request_handler/thread_handler.rb:109:in `main_loop'
  vendor/bundle/ruby/2.1.0/gems/passenger-4.0.50/lib/phusion_passenger/request_handler.rb:455:in `block (3 levels) in start_threads'


I, [2014-08-28T22:44:01.037976 #30574]  INFO -- : Started GET "/" for 114.111.138.127 at 2014-08-28 22:44:01 +1000
F, [2014-08-28T22:44:01.039263 #30574] FATAL -- : 
ActionController::RoutingError (No route matches [GET] "/"):
  vendor/bundle/ruby/2.1.0/gems/actionpack-4.2.0.beta1/lib/action_dispatch/middleware/debug_exceptions.rb:21:in `call'
  vendor/bundle/ruby/2.1.0/gems/actionpack-4.2.0.beta1/lib/action_dispatch/middleware/show_exceptions.rb:30:in `call'
  vendor/bundle/ruby/2.1.0/gems/railties-4.2.0.beta1/lib/rails/rack/logger.rb:38:in `call_app'
  vendor/bundle/ruby/2.1.0/gems/railties-4.2.0.beta1/lib/rails/rack/logger.rb:20:in `block in call'
  vendor/bundle/ruby/2.1.0/gems/activesupport-4.2.0.beta1/lib/active_support/tagged_logging.rb:68:in `block in tagged'
  vendor/bundle/ruby/2.1.0/gems/activesupport-4.2.0.beta1/lib/active_support/tagged_logging.rb:26:in `tagged'
  vendor/bundle/ruby/2.1.0/gems/activesupport-4.2.0.beta1/lib/active_support/tagged_logging.rb:68:in `tagged'
  vendor/bundle/ruby/2.1.0/gems/railties-4.2.0.beta1/lib/rails/rack/logger.rb:20:in `call'
  vendor/bundle/ruby/2.1.0/gems/actionpack-4.2.0.beta1/lib/action_dispatch/middleware/request_id.rb:21:in `call'
  vendor/bundle/ruby/2.1.0/gems/rack-1.6.0.beta/lib/rack/methodoverride.rb:22:in `call'
  vendor/bundle/ruby/2.1.0/gems/rack-1.6.0.beta/lib/rack/runtime.rb:17:in `call'
  vendor/bundle/ruby/2.1.0/gems/activesupport-4.2.0.beta1/lib/active_support/cache/strategy/local_cache_middleware.rb:28:in `call'
  vendor/bundle/ruby/2.1.0/gems/rack-1.6.0.beta/lib/rack/sendfile.rb:113:in `call'
  vendor/bundle/ruby/2.1.0/gems/railties-4.2.0.beta1/lib/rails/engine.rb:514:in `call'
  vendor/bundle/ruby/2.1.0/gems/railties-4.2.0.beta1/lib/rails/application.rb:161:in `call'
  vendor/bundle/ruby/2.1.0/gems/passenger-4.0.50/lib/phusion_passenger/rack/thread_handler_extension.rb:74:in `process_request'
  vendor/bundle/ruby/2.1.0/gems/passenger-4.0.50/lib/phusion_passenger/request_handler/thread_handler.rb:141:in `accept_and_process_next_request'
  vendor/bundle/ruby/2.1.0/gems/passenger-4.0.50/lib/phusion_passenger/request_handler/thread_handler.rb:109:in `main_loop'
  vendor/bundle/ruby/2.1.0/gems/passenger-4.0.50/lib/phusion_passenger/request_handler.rb:455:in `block (3 levels) in start_threads'


I, [2014-08-28T22:44:36.111956 #30574]  INFO -- : Started GET "/" for 114.111.138.127 at 2014-08-28 22:44:36 +1000
F, [2014-08-28T22:44:36.113219 #30574] FATAL -- : 
ActionController::RoutingError (No route matches [GET] "/"):
  vendor/bundle/ruby/2.1.0/gems/actionpack-4.2.0.beta1/lib/action_dispatch/middleware/debug_exceptions.rb:21:in `call'
  vendor/bundle/ruby/2.1.0/gems/actionpack-4.2.0.beta1/lib/action_dispatch/middleware/show_exceptions.rb:30:in `call'
  vendor/bundle/ruby/2.1.0/gems/railties-4.2.0.beta1/lib/rails/rack/logger.rb:38:in `call_app'
  vendor/bundle/ruby/2.1.0/gems/railties-4.2.0.beta1/lib/rails/rack/logger.rb:20:in `block in call'
  vendor/bundle/ruby/2.1.0/gems/activesupport-4.2.0.beta1/lib/active_support/tagged_logging.rb:68:in `block in tagged'
  vendor/bundle/ruby/2.1.0/gems/activesupport-4.2.0.beta1/lib/active_support/tagged_logging.rb:26:in `tagged'
  vendor/bundle/ruby/2.1.0/gems/activesupport-4.2.0.beta1/lib/active_support/tagged_logging.rb:68:in `tagged'
  vendor/bundle/ruby/2.1.0/gems/railties-4.2.0.beta1/lib/rails/rack/logger.rb:20:in `call'
  vendor/bundle/ruby/2.1.0/gems/actionpack-4.2.0.beta1/lib/action_dispatch/middleware/request_id.rb:21:in `call'
  vendor/bundle/ruby/2.1.0/gems/rack-1.6.0.beta/lib/rack/methodoverride.rb:22:in `call'
  vendor/bundle/ruby/2.1.0/gems/rack-1.6.0.beta/lib/rack/runtime.rb:17:in `call'
  vendor/bundle/ruby/2.1.0/gems/activesupport-4.2.0.beta1/lib/active_support/cache/strategy/local_cache_middleware.rb:28:in `call'
  vendor/bundle/ruby/2.1.0/gems/rack-1.6.0.beta/lib/rack/sendfile.rb:113:in `call'
  vendor/bundle/ruby/2.1.0/gems/railties-4.2.0.beta1/lib/rails/engine.rb:514:in `call'
  vendor/bundle/ruby/2.1.0/gems/railties-4.2.0.beta1/lib/rails/application.rb:161:in `call'
  vendor/bundle/ruby/2.1.0/gems/passenger-4.0.50/lib/phusion_passenger/rack/thread_handler_extension.rb:74:in `process_request'
  vendor/bundle/ruby/2.1.0/gems/passenger-4.0.50/lib/phusion_passenger/request_handler/thread_handler.rb:141:in `accept_and_process_next_request'
  vendor/bundle/ruby/2.1.0/gems/passenger-4.0.50/lib/phusion_passenger/request_handler/thread_handler.rb:109:in `main_loop'
  vendor/bundle/ruby/2.1.0/gems/passenger-4.0.50/lib/phusion_passenger/request_handler.rb:455:in `block (3 levels) in start_threads'


W, [2014-08-28T22:46:23.897760 #32373]  WARN -- : Warning. Error encountered while saving cache b711464dbcb779dfc1f55b24759fc7d38c079e67/welcome.css.scssc: can't dump anonymous class #<Class:0x00000004536d68>

I, [2014-08-28T22:48:01.416258 #32678]  INFO -- : Started GET "/" for 114.111.138.127 at 2014-08-28 22:48:01 +1000
I, [2014-08-28T22:48:01.447122 #32678]  INFO -- : Processing by WelcomeController#index as HTML
I, [2014-08-28T22:48:01.465557 #32678]  INFO -- :   Rendered welcome/index.html.erb within layouts/application (1.0ms)
I, [2014-08-28T22:48:01.467727 #32678]  INFO -- : Completed 200 OK in 20ms (Views: 8.6ms | ActiveRecord: 0.0ms)
I, [2014-08-28T22:48:12.181625 #32678]  INFO -- : Started GET "/" for 114.111.138.127 at 2014-08-28 22:48:12 +1000
I, [2014-08-28T22:48:12.182917 #32678]  INFO -- : Processing by WelcomeController#index as HTML
I, [2014-08-28T22:48:12.205063 #32678]  INFO -- :   Rendered welcome/index.html.erb within layouts/application (0.1ms)
I, [2014-08-28T22:48:12.205804 #32678]  INFO -- : Completed 200 OK in 2ms (Views: 1.1ms | ActiveRecord: 0.0ms)
I, [2014-08-28T22:48:35.437428 #32678]  INFO -- : Started GET "/" for 114.111.138.127 at 2014-08-28 22:48:35 +1000
I, [2014-08-28T22:48:35.438477 #32678]  INFO -- : Processing by WelcomeController#index as HTML
I, [2014-08-28T22:48:35.439461 #32678]  INFO -- :   Rendered welcome/index.html.erb within layouts/application (0.1ms)
I, [2014-08-28T22:48:35.440166 #32678]  INFO -- : Completed 200 OK in 2ms (Views: 1.0ms | ActiveRecord: 0.0ms)
